◇ injected env (11) from .env // tip: ⌘ enable debugging { debug: true }

========== PROBE 1: 부천 매핑 ==========
24 dong × 3 sub = 72 probes
  ✓ 원미동/10100 → 41192 [platPlc=경기도 부천시 원미구 원미동 2-7번지, 58/58건]
  ✓ 심곡동/10200 → 41192 [platPlc=경기도 부천시 원미구 심곡동 40-51번지, 62/62건]
  ✓ 춘의동/10300 → 41192 [platPlc=경기도 부천시 원미구 춘의동 1번지, 87/87건]
  ✓ 도당동/10400 → 41192 [platPlc=경기도 부천시 원미구 도당동 4-3번지, 100/145건]
  ✓ 약대동/10500 → 41192 [platPlc=경기도 부천시 원미구 약대동 47-16번지, 21/21건]
  ✓ 소사동/10600 → 41192 [platPlc=경기도 부천시 원미구 소사동 2번지, 8/8건]
  ✓ 역곡동/10700 → 41192 [platPlc=경기도 부천시 원미구 역곡동 4-10번지, 38/38건]
  ✓ 중동/10800 → 41192 [platPlc=경기도 부천시 원미구 중동 676-10번지, 59/59건]
  ✓ 상동/10900 → 41192 [platPlc=경기도 부천시 원미구 상동 21번지, 47/47건]
  ✓ 소사본동/10100 → 41194 [platPlc=경기도 부천시 소사구 소사본동 52-9번지, 62/62건]
  ✓ 심곡본동/10200 → 41194 [platPlc=경기도 부천시 소사구 심곡본동 526-15번지, 28/28건]
  ✓ 범박동/10300 → 41194 [platPlc=경기도 부천시 소사구 범박동 4-13번지, 15/15건]
  ✓ 괴안동/10400 → 41194 [platPlc=경기도 부천시 소사구 괴안동 1-21번지, 48/48건]
  ✓ 송내동/10500 → 41194 [platPlc=경기도 부천시 소사구 송내동 249-9번지, 71/71건]
  ✓ 옥길동/10600 → 41194 [platPlc=경기도 부천시 소사구 옥길동 201번지, 52/52건]
  ✓ 계수동/10700 → 41194 [platPlc=경기도 부천시 소사구 계수동 3-23번지, 14/14건]
  ✓ 오정동/10100 → 41196 [platPlc=경기도 부천시 오정구 오정동 1-3번지, 69/69건]
  ✓ 여월동/10200 → 41196 [platPlc=경기도 부천시 오정구 여월동 4번지, 55/55건]
  ✓ 작동/10300 → 41196 [platPlc=경기도 부천시 오정구 작동 55-4번지, 100/115건]
  ✓ 원종동/10400 → 41196 [platPlc=경기도 부천시 오정구 원종동 9-10번지, 66/66건]
  ✓ 고강동/10500 → 41196 [platPlc=경기도 부천시 오정구 고강동 2-38번지, 100/133건]
  ✓ 대장동/10600 → 41196 [platPlc=경기도 부천시 오정구 대장동 115-9번지, 36/36건]
  ✓ 삼정동/10700 → 41196 [platPlc=경기도 부천시 오정구 삼정동 12-4번지, 100/229건]
  ✓ 내동/10800 → 41196 [platPlc=경기도 부천시 오정구 내동 19-1번지, 100/154건]

저장: C:\Users\magic\Documents\bsnassistant\docs\a3b2-step-a-bucheon-mapping.json
결과: unique 매칭 24/24, ambiguous 0

========== PROBE 2: archPmsDay semantics ==========

[2024 1년치 (baseline)] 20240101~20241231
  total=47 items=47
  archPmsDay: 20081105~20241119 (inRange: false)
  crtnDay   : 20240105~20241217 (inRange: true)

[2024-01 단일월] 20240101~20240131
  total=5 items=5
  archPmsDay: 20220419~20240124 (inRange: false)
  crtnDay   : 20240105~20240124 (inRange: true)

[2020-01 과거 단일월] 20200101~20200131
  total=0 items=0
  archPmsDay: undefined~undefined (inRange: false)
  crtnDay   : undefined~undefined (inRange: false)

[2025-01 미래 단일월] 20250101~20250131
  total=10 items=10
  archPmsDay: 20010326~20250117 (inRange: false)
  crtnDay   : 20250102~20250124 (inRange: true)

========== semantics 결론 ==========
startDate/endDate 기준: crtnDay

저장: C:\Users\magic\Documents\bsnassistant\docs\a3b2-step-a-semantics.json
